<?xml version='1.0' encoding='UTF-8'?>
<testsuite hostname="Zoes-MacBook-Pro" name="ClockTest" tests="50" errors="0" failures="0" skipped="0" time="0.036" timestamp="2020-02-28T16:18:42">
                     <properties>
[...]
</properties>
                     <testcase classname="ClockTest" name="on the hour" time="0.021">
                                                 
                                               </testcase><testcase classname="ClockTest" name="past the hour" time="0.0">
                                                 
                                               </testcase><testcase classname="ClockTest" name="midnight is zero hours" time="0.0">
                                                 
                                               </testcase><testcase classname="ClockTest" name="hour rolls over" time="0.0">
                                                 
                                               </testcase><testcase classname="ClockTest" name="hour rolls over continuously" time="0.0">
                                                 
                                               </testcase><testcase classname="ClockTest" name="sixty minutes is next hour" time="0.0">
                                                 
                                               </testcase><testcase classname="ClockTest" name="minutes roll over" time="0.0">
                                                 
                                               </testcase><testcase classname="ClockTest" name="minutes roll over continuously" time="0.001">
                                                 
                                               </testcase><testcase classname="ClockTest" name="hour and minutes roll over" time="0.0">
                                                 
                                               </testcase><testcase classname="ClockTest" name="hour and minutes roll over continuously" time="0.001">
                                                 
                                               </testcase><testcase classname="ClockTest" name="hour and minutes roll over to exactly midnight" time="0.0">
                                                 
                                               </testcase><testcase classname="ClockTest" name="negative hour" time="0.001">
                                                 
                                               </testcase><testcase classname="ClockTest" name="negative hour rolls over" time="0.0">
                                                 
                                               </testcase><testcase classname="ClockTest" name="negative hour rolls over continuously" time="0.001">
                                                 
                                               </testcase><testcase classname="ClockTest" name="negative minutes" time="0.0">
                                                 
                                               </testcase><testcase classname="ClockTest" name="negative minutes roll over" time="0.0">
                                                 
                                               </testcase><testcase classname="ClockTest" name="negative minutes roll over continuously" time="0.0">
                                                 
                                               </testcase><testcase classname="ClockTest" name="negative hour and minutes both roll over" time="0.001">
                                                 
                                               </testcase><testcase classname="ClockTest" name="negative hour and minutes both roll over continuously" time="0.0">
                                                 
                                               </testcase><testcase classname="ClockTest" name="add minutes" time="0.0">
                                                 
                                               </testcase><testcase classname="ClockTest" name="add no minutes" time="0.001">
                                                 
                                               </testcase><testcase classname="ClockTest" name="add to next hour" time="0.0">
                                                 
                                               </testcase><testcase classname="ClockTest" name="add more than one hour" time="0.0">
                                                 
                                               </testcase><testcase classname="ClockTest" name="add more than two hours with carry" time="0.001">
                                                 
                                               </testcase><testcase classname="ClockTest" name="add across midnight" time="0.0">
                                                 
                                               </testcase><testcase classname="ClockTest" name="add more than one day (1500 min = 25 hrs)" time="0.001">
                                                 
                                               </testcase><testcase classname="ClockTest" name="add more than two days" time="0.0">
                                                 
                                               </testcase><testcase classname="ClockTest" name="subtract minutes" time="0.0">
                                                 
                                               </testcase><testcase classname="ClockTest" name="subtract to previous hour" time="0.0">
                                                 
                                               </testcase><testcase classname="ClockTest" name="subtract more than an hour" time="0.0">
                                                 
                                               </testcase><testcase classname="ClockTest" name="subtract across midnight" time="0.0">
                                                 
                                               </testcase><testcase classname="ClockTest" name="subtract more than two hours" time="0.0">
                                                 
                                               </testcase><testcase classname="ClockTest" name="subtract more than two hours with borrow" time="0.0">
                                                 
                                               </testcase><testcase classname="ClockTest" name="subtract more than one day (1500 min = 25 hrs)" time="0.0">
                                                 
                                               </testcase><testcase classname="ClockTest" name="subtract more than two days" time="0.001">
                                                 
                                               </testcase><testcase classname="ClockTest" name="clocks with same time" time="0.003">
                                                 
                                               </testcase><testcase classname="ClockTest" name="clocks a minute apart" time="0.001">
                                                 
                                               </testcase><testcase classname="ClockTest" name="clocks an hour apart" time="0.0">
                                                 
                                               </testcase><testcase classname="ClockTest" name="clocks with hour overflow" time="0.0">
                                                 
                                               </testcase><testcase classname="ClockTest" name="clocks with hour overflow by several days" time="0.0">
                                                 
                                               </testcase><testcase classname="ClockTest" name="clocks with negative hour" time="0.001">
                                                 
                                               </testcase><testcase classname="ClockTest" name="clocks with negative hour that wraps" time="0.0">
                                                 
                                               </testcase><testcase classname="ClockTest" name="clocks with negative hour that wraps multiple times" time="0.001">
                                                 
                                               </testcase><testcase classname="ClockTest" name="clocks with minute overflow" time="0.0">
                                                 
                                               </testcase><testcase classname="ClockTest" name="clocks with minute overflow by several days" time="0.0">
                                                 
                                               </testcase><testcase classname="ClockTest" name="clocks with negative minute" time="0.0">
                                                 
                                               </testcase><testcase classname="ClockTest" name="clocks with negative minute that wraps" time="0.0">
                                                 
                                               </testcase><testcase classname="ClockTest" name="clocks with negative minute that wraps multiple times" time="0.0">
                                                 
                                               </testcase><testcase classname="ClockTest" name="clocks with negative hours and minutes" time="0.0">
                                                 
                                               </testcase><testcase classname="ClockTest" name="clocks with negative hours and minutes that wrap" time="0.0">
                                                 
                                               </testcase>
                     <system-out><![CDATA[]]></system-out>
                     <system-err><![CDATA[]]></system-err>
                   </testsuite>